<?xml version="1.0" encoding="UTF-8"?>
<testsuite xmlns:xsi="http://www.w3.org/2001/XMLSchema-instance" xsi:noNamespaceSchemaLocation="https://maven.apache.org/surefire/maven-surefire-plugin/xsd/surefire-test-report.xsd" name="clinic.steps.AcceptanceTest" time="23.723" tests="36" errors="0" skipped="0" failures="0">
  <properties>
    <property name="sun.desktop" value="windows"/>
    <property name="awt.toolkit" value="sun.awt.windows.WToolkit"/>
    <property name="file.encoding.pkg" value="sun.io"/>
    <property name="java.specification.version" value="1.8"/>
    <property name="sun.cpu.isalist" value="amd64"/>
    <property name="sun.jnu.encoding" value="Cp1252"/>
    <property name="java.class.path" value="C:\Users\AB\eclipse-workspace\clinic (5)\clinic\target\test-classes;C:\Users\AB\eclipse-workspace\clinic (5)\clinic\target\classes;C:\Users\AB\.m2\repository\io\cucumber\cucumber-junit\7.8.1\cucumber-junit-7.8.1.jar;C:\Users\AB\.m2\repository\org\apiguardian\apiguardian-api\1.1.2\apiguardian-api-1.1.2.jar;C:\Users\AB\.m2\repository\junit\junit\4.13.2\junit-4.13.2.jar;C:\Users\AB\.m2\repository\org\hamcrest\hamcrest-core\1.3\hamcrest-core-1.3.jar;C:\Users\AB\.m2\repository\io\cucumber\cucumber-java\7.8.1\cucumber-java-7.8.1.jar;C:\Users\AB\.m2\repository\io\cucumber\cucumber-core\7.8.1\cucumber-core-7.8.1.jar;C:\Users\AB\.m2\repository\io\cucumber\cucumber-gherkin\7.8.1\cucumber-gherkin-7.8.1.jar;C:\Users\AB\.m2\repository\io\cucumber\cucumber-gherkin-messages\7.8.1\cucumber-gherkin-messages-7.8.1.jar;C:\Users\AB\.m2\repository\io\cucumber\gherkin\24.0.0\gherkin-24.0.0.jar;C:\Users\AB\.m2\repository\io\cucumber\messages\19.1.4\messages-19.1.4.jar;C:\Users\AB\.m2\repository\io\cucumber\tag-expressions\4.1.0\tag-expressions-4.1.0.jar;C:\Users\AB\.m2\repository\io\cucumber\cucumber-expressions\16.0.0\cucumber-expressions-16.0.0.jar;C:\Users\AB\.m2\repository\io\cucumber\datatable\7.8.1\datatable-7.8.1.jar;C:\Users\AB\.m2\repository\io\cucumber\cucumber-plugin\7.8.1\cucumber-plugin-7.8.1.jar;C:\Users\AB\.m2\repository\io\cucumber\docstring\7.8.1\docstring-7.8.1.jar;C:\Users\AB\.m2\repository\io\cucumber\html-formatter\20.1.0\html-formatter-20.1.0.jar;C:\Users\AB\.m2\repository\io\cucumber\ci-environment\9.1.0\ci-environment-9.1.0.jar;C:\Users\AB\.m2\repository\com\toedter\jcalendar\1.4\jcalendar-1.4.jar;C:\Users\AB\.m2\repository\com\sun\mail\javax.mail\1.6.2\javax.mail-1.6.2.jar;C:\Users\AB\.m2\repository\javax\activation\activation\1.1\activation-1.1.jar;C:\Users\AB\.m2\repository\io\cucumber\cucumber-picocontainer\7.8.1\cucumber-picocontainer-7.8.1.jar;C:\Users\AB\.m2\repository\org\picocontainer\picocontainer\2.15\picocontainer-2.15.jar;"/>
    <property name="java.vm.vendor" value="Oracle Corporation"/>
    <property name="sun.arch.data.model" value="64"/>
    <property name="user.variant" value=""/>
    <property name="java.vendor.url" value="http://java.oracle.com/"/>
    <property name="user.timezone" value="Asia/Jerusalem"/>
    <property name="java.vm.specification.version" value="1.8"/>
    <property name="os.name" value="Windows 10"/>
    <property name="user.country" value="US"/>
    <property name="sun.java.launcher" value="SUN_STANDARD"/>
    <property name="sun.boot.library.path" value="C:\Program Files\Java\jdk1.8.0_202\jre\bin"/>
    <property name="sun.java.command" value="C:\Users\AB\AppData\Local\Temp\surefire5910322922393235798\surefirebooter3524587106209937297.jar C:\Users\AB\AppData\Local\Temp\surefire5910322922393235798 2022-12-22T11-33-59_336-jvmRun1 surefire7167584207420648324tmp surefire_02241325098591886716tmp"/>
    <property name="surefire.test.class.path" value="C:\Users\AB\eclipse-workspace\clinic (5)\clinic\target\test-classes;C:\Users\AB\eclipse-workspace\clinic (5)\clinic\target\classes;C:\Users\AB\.m2\repository\io\cucumber\cucumber-junit\7.8.1\cucumber-junit-7.8.1.jar;C:\Users\AB\.m2\repository\org\apiguardian\apiguardian-api\1.1.2\apiguardian-api-1.1.2.jar;C:\Users\AB\.m2\repository\junit\junit\4.13.2\junit-4.13.2.jar;C:\Users\AB\.m2\repository\org\hamcrest\hamcrest-core\1.3\hamcrest-core-1.3.jar;C:\Users\AB\.m2\repository\io\cucumber\cucumber-java\7.8.1\cucumber-java-7.8.1.jar;C:\Users\AB\.m2\repository\io\cucumber\cucumber-core\7.8.1\cucumber-core-7.8.1.jar;C:\Users\AB\.m2\repository\io\cucumber\cucumber-gherkin\7.8.1\cucumber-gherkin-7.8.1.jar;C:\Users\AB\.m2\repository\io\cucumber\cucumber-gherkin-messages\7.8.1\cucumber-gherkin-messages-7.8.1.jar;C:\Users\AB\.m2\repository\io\cucumber\gherkin\24.0.0\gherkin-24.0.0.jar;C:\Users\AB\.m2\repository\io\cucumber\messages\19.1.4\messages-19.1.4.jar;C:\Users\AB\.m2\repository\io\cucumber\tag-expressions\4.1.0\tag-expressions-4.1.0.jar;C:\Users\AB\.m2\repository\io\cucumber\cucumber-expressions\16.0.0\cucumber-expressions-16.0.0.jar;C:\Users\AB\.m2\repository\io\cucumber\datatable\7.8.1\datatable-7.8.1.jar;C:\Users\AB\.m2\repository\io\cucumber\cucumber-plugin\7.8.1\cucumber-plugin-7.8.1.jar;C:\Users\AB\.m2\repository\io\cucumber\docstring\7.8.1\docstring-7.8.1.jar;C:\Users\AB\.m2\repository\io\cucumber\html-formatter\20.1.0\html-formatter-20.1.0.jar;C:\Users\AB\.m2\repository\io\cucumber\ci-environment\9.1.0\ci-environment-9.1.0.jar;C:\Users\AB\.m2\repository\com\toedter\jcalendar\1.4\jcalendar-1.4.jar;C:\Users\AB\.m2\repository\com\sun\mail\javax.mail\1.6.2\javax.mail-1.6.2.jar;C:\Users\AB\.m2\repository\javax\activation\activation\1.1\activation-1.1.jar;C:\Users\AB\.m2\repository\io\cucumber\cucumber-picocontainer\7.8.1\cucumber-picocontainer-7.8.1.jar;C:\Users\AB\.m2\repository\org\picocontainer\picocontainer\2.15\picocontainer-2.15.jar;"/>
    <property name="sun.cpu.endian" value="little"/>
    <property name="user.home" value="C:\Users\AB"/>
    <property name="user.language" value="en"/>
    <property name="java.specification.vendor" value="Oracle Corporation"/>
    <property name="java.home" value="C:\Program Files\Java\jdk1.8.0_202\jre"/>
    <property name="basedir" value="C:\Users\AB\eclipse-workspace\clinic (5)\clinic"/>
    <property name="file.separator" value="\"/>
    <property name="line.separator" value="&#10;"/>
    <property name="java.vm.specification.vendor" value="Oracle Corporation"/>
    <property name="java.specification.name" value="Java Platform API Specification"/>
    <property name="java.awt.graphicsenv" value="sun.awt.Win32GraphicsEnvironment"/>
    <property name="surefire.real.class.path" value="C:\Users\AB\AppData\Local\Temp\surefire5910322922393235798\surefirebooter3524587106209937297.jar;C:\\Users\\AB\\.m2\\repository\\org\\jacoco\\org.jacoco.agent\\0.8.8\\org.jacoco.agent-0.8.8-runtime.jar"/>
    <property name="sun.boot.class.path" value="C:\Program Files\Java\jdk1.8.0_202\jre\lib\resources.jar;C:\Program Files\Java\jdk1.8.0_202\jre\lib\rt.jar;C:\Program Files\Java\jdk1.8.0_202\jre\lib\sunrsasign.jar;C:\Program Files\Java\jdk1.8.0_202\jre\lib\jsse.jar;C:\Program Files\Java\jdk1.8.0_202\jre\lib\jce.jar;C:\Program Files\Java\jdk1.8.0_202\jre\lib\charsets.jar;C:\Program Files\Java\jdk1.8.0_202\jre\lib\jfr.jar;C:\Program Files\Java\jdk1.8.0_202\jre\classes"/>
    <property name="user.script" value=""/>
    <property name="sun.management.compiler" value="HotSpot 64-Bit Tiered Compilers"/>
    <property name="java.runtime.version" value="1.8.0_202-b08"/>
    <property name="user.name" value="AB"/>
    <property name="path.separator" value=";"/>
    <property name="os.version" value="10.0"/>
    <property name="java.endorsed.dirs" value="C:\Program Files\Java\jdk1.8.0_202\jre\lib\endorsed"/>
    <property name="java.runtime.name" value="Java(TM) SE Runtime Environment"/>
    <property name="file.encoding" value="Cp1252"/>
    <property name="java.vm.name" value="Java HotSpot(TM) 64-Bit Server VM"/>
    <property name="localRepository" value="C:\Users\AB\.m2\repository"/>
    <property name="java.vendor.url.bug" value="http://bugreport.sun.com/bugreport/"/>
    <property name="java.io.tmpdir" value="C:\Users\AB\AppData\Local\Temp\"/>
    <property name="java.version" value="1.8.0_202"/>
    <property name="user.dir" value="C:\Users\AB\eclipse-workspace\clinic (5)\clinic"/>
    <property name="os.arch" value="amd64"/>
    <property name="java.vm.specification.name" value="Java Virtual Machine Specification"/>
    <property name="java.awt.printerjob" value="sun.awt.windows.WPrinterJob"/>
    <property name="sun.os.patch.level" value=""/>
    <property name="java.library.path" value="C:\Program Files\Java\jdk1.8.0_202\jre\bin;C:\WINDOWS\Sun\Java\bin;C:\WINDOWS\system32;C:\WINDOWS;C:/Users/AB/.p2/pool/plugins/org.eclipse.justj.openjdk.hotspot.jre.full.win32.x86_64_15.0.1.v20201027-0507/jre/bin/server;C:/Users/AB/.p2/pool/plugins/org.eclipse.justj.openjdk.hotspot.jre.full.win32.x86_64_15.0.1.v20201027-0507/jre/bin;C:\Program Files (x86)\Common Files\Oracle\Java\javapath;C:\Program Files (x86)\VMware\VMware Player\bin\;C:\Program Files\Common Files\Oracle\Java\javapath;C:\WINDOWS\system32;C:\WINDOWS;C:\WINDOWS\System32\Wbem;C:\WINDOWS\System32\WindowsPowerShell\v1.0\;C:\WINDOWS\System32\OpenSSH\;C:\msys64\mingw64\bin;C:\Program Files\Git\cmd;C:\Users\AB\AppData\Local\Microsoft\WindowsApps;;C:\Users\AB\Desktop;;."/>
    <property name="java.vm.info" value="mixed mode"/>
    <property name="java.vendor" value="Oracle Corporation"/>
    <property name="java.vm.version" value="25.202-b08"/>
    <property name="java.ext.dirs" value="C:\Program Files\Java\jdk1.8.0_202\jre\lib\ext;C:\WINDOWS\Sun\Java\lib\ext"/>
    <property name="sun.io.unicode.encoding" value="UnicodeLittle"/>
    <property name="java.class.version" value="52.0"/>
  </properties>
  <testcase name="Patient can login" classname="Login #1" time="0.256"/>
  <testcase name="Patient cannot login" classname="Login #1" time="0.023"/>
  <testcase name="Admin can login" classname="Login #1" time="0.029"/>
  <testcase name="Admin cannot login" classname="Login #1" time="0.017"/>
  <testcase name="Credentials do not match with an admin&apos;s nor a patient&apos;s" classname="Login #1" time="0.015"/>
  <testcase name="Patient can login -&gt; gui" classname="Login #2" time="1.105"/>
  <testcase name="Patient cannot login -&gt; gui" classname="Login #2" time="0.739"/>
  <testcase name="Admin can login -&gt; gui" classname="Login #2" time="0.741"/>
  <testcase name="Admin cannot login -&gt; gui" classname="Login #2" time="0.753"/>
  <testcase name="Credentials do not match with an admin&apos;s nor a patient&apos;s -&gt; gui" classname="Login #2" time="0.772"/>
  <testcase name="The sign up is successful -&gt;gui" classname="Sign up GUI" time="0.813"/>
  <testcase name="The sign up is unsuccessful -&gt;gui" classname="Sign up GUI" time="1.393"/>
  <testcase name="The sign up is successful" classname="Sign up" time="0.028"/>
  <testcase name="The sign up is unsuccessful #1" classname="Sign up" time="0.016"/>
  <testcase name="The sign up is unsuccessful #2" classname="Sign up" time="0.011"/>
  <testcase name="Can add a service" classname="Admin add a service to the clinic" time="0.017"/>
  <testcase name="Can not add a service" classname="Admin add a service to the clinic" time="0.01"/>
  <testcase name="Add an appointement successfully" classname="Add Appointement to clinic system" time="0.01"/>
  <testcase name="Add an appointement unsuccessfully" classname="Add Appointement to clinic system" time="0.008"/>
  <testcase name="Patient can choose the service" classname="Patient add a service to his appointment" time="0.01"/>
  <testcase name="The patient&apos;s appointment turns into a visit" classname="Visits" time="0.026"/>
  <testcase name="edit a date or time of appointement successfully" classname="Edit Appointement to clinic system" time="0.014"/>
  <testcase name="edit a date or time of appointement unsuccessfully" classname="Edit Appointement to clinic system" time="0.01"/>
  <testcase name="Patient can add an invoice successfully" classname="Patient add invoice" time="0.01"/>
  <testcase name="Patient can not add invoice successfully" classname="Patient add invoice" time="0.008"/>
  <testcase name="Patient can not add invoice" classname="Patient add invoice" time="0.007"/>
  <testcase name="remove a date or time of appointement successfully" classname="Remove Appointement to clinic system" time="0.009"/>
  <testcase name="remove a date or time of appointement unsuccessfully" classname="Remove Appointement to clinic system" time="0.008"/>
  <testcase name="Book Apointment funtions properly" classname="Patient GUI Test" time="0.529"/>
  <testcase name="Book Apointment does not funtion properly" classname="Patient GUI Test" time="0.579"/>
  <testcase name="Show Apointment funtions properly" classname="Patient GUI Test" time="0.547"/>
  <testcase name="Get a bill button funtions properly" classname="Patient GUI Test" time="13.569"/>
  <testcase name="Admin can generate patients&apos; names report with their appointments details" classname="Admin generates reports" time="0.039"/>
  <testcase name="Admin can display services and the team" classname="Admin generates reports" time="0.024"/>
  <testcase name="User can logout" classname="Logout" time="0.013"/>
  <testcase name="User cannot logout" classname="Logout" time="0.009"/>
</testsuite>